WARNING:tensorflow:From apg_git_repo/training.py:52: softmax_cross_entropy_with_logits (from tensorflow.python.ops.nn_ops) is deprecated and will be removed in a future version.
Instructions for updating:

Future major versions of TensorFlow will allow gradients to flow
into the labels input on backprop by default.

See `tf.nn.softmax_cross_entropy_with_logits_v2`.

2018-10-26 08:04:17.342762: I tensorflow/core/platform/cpu_feature_guard.cc:141] Your CPU supports instructions that this TensorFlow binary was not compiled to use: AVX2 FMA
2018-10-26 08:04:18.042058: I tensorflow/stream_executor/cuda/cuda_gpu_executor.cc:964] successful NUMA node read from SysFS had negative value (-1), but there must be at least one NUMA node, so returning NUMA node zero
2018-10-26 08:04:18.042404: I tensorflow/core/common_runtime/gpu/gpu_device.cc:1411] Found device 0 with properties: 
name: Tesla M60 major: 5 minor: 2 memoryClockRate(GHz): 1.1775
pciBusID: 0000:00:1e.0
totalMemory: 7.44GiB freeMemory: 7.36GiB
2018-10-26 08:04:18.042434: I tensorflow/core/common_runtime/gpu/gpu_device.cc:1490] Adding visible gpu devices: 0
2018-10-26 08:04:18.374246: I tensorflow/core/common_runtime/gpu/gpu_device.cc:971] Device interconnect StreamExecutor with strength 1 edge matrix:
2018-10-26 08:04:18.374294: I tensorflow/core/common_runtime/gpu/gpu_device.cc:977]      0 
2018-10-26 08:04:18.374303: I tensorflow/core/common_runtime/gpu/gpu_device.cc:990] 0:   N 
2018-10-26 08:04:18.374514: I tensorflow/core/common_runtime/gpu/gpu_device.cc:1103] Created TensorFlow device (/job:localhost/replica:0/task:0/device:GPU:0 with 7095 MB memory) -> physical GPU (device: 0, name: Tesla M60, pci bus id: 0000:00:1e.0, compute capability: 5.2)
Tensor("fully_connected_1/Softmax:0", shape=(1, 3), dtype=float32)
Tensor("fully_connected_1/Softmax:0", shape=(1, 3), dtype=float32)
Iter 0, Loss= 0.551445, Training Accuracy= 1.00000
Optimization Finished!
Iter 1, Loss= 0.551445, Training Accuracy= 1.00000
Optimization Finished!
Iter 2, Loss= 0.551445, Training Accuracy= 1.00000
Optimization Finished!
Iter 3, Loss= 0.551445, Training Accuracy= 1.00000
Optimization Finished!
Iter 4, Loss= 0.551445, Training Accuracy= 1.00000
Optimization Finished!
Iter 5, Loss= 0.551445, Training Accuracy= 1.00000
Optimization Finished!
Iter 6, Loss= 0.551445, Training Accuracy= 1.00000
Optimization Finished!
Iter 7, Loss= 0.551445, Training Accuracy= 1.00000
Optimization Finished!
Iter 8, Loss= 0.551445, Training Accuracy= 1.00000
Optimization Finished!
Iter 9, Loss= 0.551445, Training Accuracy= 1.00000
Optimization Finished!
Iter 10, Loss= 0.551445, Training Accuracy= 1.00000
Optimization Finished!
Iter 11, Loss= 0.551445, Training Accuracy= 1.00000
Optimization Finished!
Iter 12, Loss= 0.551445, Training Accuracy= 1.00000
Optimization Finished!
Iter 13, Loss= 0.551445, Training Accuracy= 1.00000
Optimization Finished!
Iter 14, Loss= 0.551445, Training Accuracy= 1.00000
Optimization Finished!
Iter 15, Loss= 0.551445, Training Accuracy= 1.00000
Optimization Finished!
Iter 16, Loss= 0.551445, Training Accuracy= 1.00000
Optimization Finished!
Iter 17, Loss= 0.551445, Training Accuracy= 1.00000
Optimization Finished!
Iter 18, Loss= 0.551445, Training Accuracy= 1.00000
Optimization Finished!
Iter 19, Loss= 0.551445, Training Accuracy= 1.00000
Optimization Finished!
Iter 20, Loss= 0.551445, Training Accuracy= 1.00000
Optimization Finished!
Iter 21, Loss= 0.551445, Training Accuracy= 1.00000
Optimization Finished!
Iter 22, Loss= 0.551445, Training Accuracy= 1.00000
Optimization Finished!
Iter 23, Loss= 0.551445, Training Accuracy= 1.00000
Optimization Finished!
Iter 24, Loss= 0.551445, Training Accuracy= 1.00000
Optimization Finished!
Iter 25, Loss= 0.551445, Training Accuracy= 1.00000
Optimization Finished!
Iter 26, Loss= 0.551445, Training Accuracy= 1.00000
Optimization Finished!
Iter 27, Loss= 0.551445, Training Accuracy= 1.00000
Optimization Finished!
Iter 28, Loss= 0.551445, Training Accuracy= 1.00000
Optimization Finished!
Iter 29, Loss= 0.551445, Training Accuracy= 1.00000
Optimization Finished!
Iter 30, Loss= 0.551445, Training Accuracy= 1.00000
Optimization Finished!
Iter 31, Loss= 0.551445, Training Accuracy= 1.00000
Optimization Finished!
Iter 32, Loss= 0.551445, Training Accuracy= 1.00000
Optimization Finished!
Iter 33, Loss= 0.551445, Training Accuracy= 1.00000
Optimization Finished!
Iter 34, Loss= 0.551445, Training Accuracy= 1.00000
Optimization Finished!
Iter 35, Loss= 0.551445, Training Accuracy= 1.00000
Optimization Finished!
Iter 36, Loss= 0.551445, Training Accuracy= 1.00000
Optimization Finished!
Iter 37, Loss= 0.551445, Training Accuracy= 1.00000
Optimization Finished!
Iter 38, Loss= 0.551445, Training Accuracy= 1.00000
Optimization Finished!
Iter 39, Loss= 0.551445, Training Accuracy= 1.00000
Optimization Finished!
Iter 40, Loss= 0.551445, Training Accuracy= 1.00000
Optimization Finished!
Iter 41, Loss= 0.551445, Training Accuracy= 1.00000
Optimization Finished!
Iter 42, Loss= 0.551445, Training Accuracy= 1.00000
Optimization Finished!
Iter 43, Loss= 0.551445, Training Accuracy= 1.00000
Optimization Finished!
Iter 44, Loss= 0.551445, Training Accuracy= 1.00000
Optimization Finished!
Iter 45, Loss= 0.551445, Training Accuracy= 1.00000
Optimization Finished!
Iter 46, Loss= 0.551445, Training Accuracy= 1.00000
Optimization Finished!
Iter 47, Loss= 0.551445, Training Accuracy= 1.00000
Optimization Finished!
Iter 48, Loss= 0.551445, Training Accuracy= 1.00000
Optimization Finished!
Iter 49, Loss= 0.551445, Training Accuracy= 1.00000
Optimization Finished!
Iter 50, Loss= 0.551445, Training Accuracy= 1.00000
Optimization Finished!
Iter 51, Loss= 0.551445, Training Accuracy= 1.00000
Optimization Finished!
Iter 52, Loss= 0.551445, Training Accuracy= 1.00000
Optimization Finished!
Iter 53, Loss= 0.551445, Training Accuracy= 1.00000
Optimization Finished!
Iter 54, Loss= 0.551445, Training Accuracy= 1.00000
Optimization Finished!
Iter 55, Loss= 0.551445, Training Accuracy= 1.00000
Optimization Finished!
Iter 56, Loss= 0.551445, Training Accuracy= 1.00000
Optimization Finished!
Iter 57, Loss= 0.551445, Training Accuracy= 1.00000
Optimization Finished!
Iter 58, Loss= 0.551445, Training Accuracy= 1.00000
Optimization Finished!
Iter 59, Loss= 0.551445, Training Accuracy= 1.00000
Optimization Finished!
Iter 60, Loss= 0.551445, Training Accuracy= 1.00000
Optimization Finished!
Iter 61, Loss= 0.551445, Training Accuracy= 1.00000
Optimization Finished!
Iter 62, Loss= 0.551445, Training Accuracy= 1.00000
Optimization Finished!
Iter 63, Loss= 0.551445, Training Accuracy= 1.00000
Optimization Finished!
Iter 64, Loss= 0.551445, Training Accuracy= 1.00000
Optimization Finished!
Iter 65, Loss= 0.551445, Training Accuracy= 1.00000
Optimization Finished!
Iter 66, Loss= 0.551445, Training Accuracy= 1.00000
Optimization Finished!
Iter 67, Loss= 0.551445, Training Accuracy= 1.00000
Optimization Finished!
Iter 68, Loss= 0.551445, Training Accuracy= 1.00000
Optimization Finished!
Iter 69, Loss= 0.551445, Training Accuracy= 1.00000
Optimization Finished!
Iter 70, Loss= 0.551445, Training Accuracy= 1.00000
Optimization Finished!
Iter 71, Loss= 0.551445, Training Accuracy= 1.00000
Optimization Finished!
Iter 72, Loss= 0.551445, Training Accuracy= 1.00000
Optimization Finished!
Iter 73, Loss= 0.551445, Training Accuracy= 1.00000
Optimization Finished!
Iter 74, Loss= 0.551445, Training Accuracy= 1.00000
Optimization Finished!
Iter 75, Loss= 0.551445, Training Accuracy= 1.00000
Optimization Finished!
Iter 76, Loss= 0.551445, Training Accuracy= 1.00000
Optimization Finished!
Iter 77, Loss= 0.551445, Training Accuracy= 1.00000
Optimization Finished!
Iter 78, Loss= 0.551445, Training Accuracy= 1.00000
Optimization Finished!
Iter 79, Loss= 0.551445, Training Accuracy= 1.00000
Optimization Finished!
Iter 80, Loss= 0.551445, Training Accuracy= 1.00000
Optimization Finished!
Iter 81, Loss= 0.551445, Training Accuracy= 1.00000
Optimization Finished!
Iter 82, Loss= 0.551445, Training Accuracy= 1.00000
Optimization Finished!
Iter 83, Loss= 0.551445, Training Accuracy= 1.00000
Optimization Finished!
Iter 84, Loss= 0.551445, Training Accuracy= 1.00000
Optimization Finished!
Iter 85, Loss= 0.551445, Training Accuracy= 1.00000
Optimization Finished!
Iter 86, Loss= 0.551445, Training Accuracy= 1.00000
Optimization Finished!
Iter 87, Loss= 0.551445, Training Accuracy= 1.00000
Optimization Finished!
Iter 88, Loss= 0.551445, Training Accuracy= 1.00000
Optimization Finished!
Iter 89, Loss= 0.551445, Training Accuracy= 1.00000
Optimization Finished!
Iter 90, Loss= 0.551445, Training Accuracy= 1.00000
Optimization Finished!
Iter 91, Loss= 0.551445, Training Accuracy= 1.00000
Optimization Finished!
Iter 92, Loss= 0.551445, Training Accuracy= 1.00000
Optimization Finished!
Iter 93, Loss= 0.551445, Training Accuracy= 1.00000
Optimization Finished!
Iter 94, Loss= 0.551445, Training Accuracy= 1.00000
Optimization Finished!
Iter 95, Loss= 0.551445, Training Accuracy= 1.00000
Optimization Finished!
Iter 96, Loss= 0.551445, Training Accuracy= 1.00000
Optimization Finished!
Iter 97, Loss= 0.551445, Training Accuracy= 1.00000
Optimization Finished!
Iter 98, Loss= 0.551445, Training Accuracy= 1.00000
Optimization Finished!
Iter 99, Loss= 0.551445, Training Accuracy= 1.00000
Optimization Finished!
Iter 100, Loss= 0.551445, Training Accuracy= 1.00000
Optimization Finished!
Iter 101, Loss= 0.551445, Training Accuracy= 1.00000
Optimization Finished!
Iter 102, Loss= 0.551445, Training Accuracy= 1.00000
Optimization Finished!
Iter 103, Loss= 0.551445, Training Accuracy= 1.00000
Optimization Finished!
Iter 104, Loss= 0.551445, Training Accuracy= 1.00000
Optimization Finished!
Iter 105, Loss= 0.551445, Training Accuracy= 1.00000
Optimization Finished!
Iter 106, Loss= 0.551445, Training Accuracy= 1.00000
Optimization Finished!
Iter 107, Loss= 0.551445, Training Accuracy= 1.00000
Optimization Finished!
Iter 108, Loss= 0.551445, Training Accuracy= 1.00000
Optimization Finished!
Iter 109, Loss= 0.551445, Training Accuracy= 1.00000
Optimization Finished!
Iter 110, Loss= 0.551445, Training Accuracy= 1.00000
Optimization Finished!
Iter 111, Loss= 0.551445, Training Accuracy= 1.00000
Optimization Finished!
Iter 112, Loss= 0.551445, Training Accuracy= 1.00000
Optimization Finished!
Iter 113, Loss= 0.551445, Training Accuracy= 1.00000
Optimization Finished!
Iter 114, Loss= 0.551445, Training Accuracy= 1.00000
Optimization Finished!
Iter 115, Loss= 0.551445, Training Accuracy= 1.00000
Optimization Finished!
Iter 116, Loss= 0.551445, Training Accuracy= 1.00000
Optimization Finished!
Iter 117, Loss= 0.551445, Training Accuracy= 1.00000
Optimization Finished!
Iter 118, Loss= 0.551445, Training Accuracy= 1.00000
Optimization Finished!
Iter 119, Loss= 0.551445, Training Accuracy= 1.00000
Optimization Finished!
Iter 120, Loss= 0.551445, Training Accuracy= 1.00000
Optimization Finished!
Iter 121, Loss= 0.551445, Training Accuracy= 1.00000
Optimization Finished!
Iter 122, Loss= 0.551445, Training Accuracy= 1.00000
Optimization Finished!
Iter 123, Loss= 0.551445, Training Accuracy= 1.00000
Optimization Finished!
Iter 124, Loss= 0.551445, Training Accuracy= 1.00000
Optimization Finished!
Iter 125, Loss= 0.551445, Training Accuracy= 1.00000
Optimization Finished!
Iter 126, Loss= 0.551445, Training Accuracy= 1.00000
Optimization Finished!
Iter 127, Loss= 0.551445, Training Accuracy= 1.00000
Optimization Finished!
Iter 128, Loss= 0.551445, Training Accuracy= 1.00000
Optimization Finished!
Iter 129, Loss= 0.551445, Training Accuracy= 1.00000
Optimization Finished!
Iter 130, Loss= 0.551445, Training Accuracy= 1.00000
Optimization Finished!
Iter 131, Loss= 0.551445, Training Accuracy= 1.00000
Optimization Finished!
Iter 132, Loss= 0.551445, Training Accuracy= 1.00000
Optimization Finished!
Iter 133, Loss= 0.551445, Training Accuracy= 1.00000
Optimization Finished!
Iter 134, Loss= 0.551445, Training Accuracy= 1.00000
Optimization Finished!
Iter 135, Loss= 0.551445, Training Accuracy= 1.00000
Optimization Finished!
Iter 136, Loss= 0.551445, Training Accuracy= 1.00000
Optimization Finished!
Iter 137, Loss= 0.551445, Training Accuracy= 1.00000
Optimization Finished!
Iter 138, Loss= 0.551445, Training Accuracy= 1.00000
Optimization Finished!
Iter 139, Loss= 0.551445, Training Accuracy= 1.00000
Optimization Finished!
Iter 140, Loss= 0.551445, Training Accuracy= 1.00000
Optimization Finished!
Iter 141, Loss= 0.551445, Training Accuracy= 1.00000
Optimization Finished!
Iter 142, Loss= 0.551445, Training Accuracy= 1.00000
Optimization Finished!
Iter 143, Loss= 0.551445, Training Accuracy= 1.00000
Optimization Finished!
Iter 144, Loss= 0.551445, Training Accuracy= 1.00000
Optimization Finished!
Iter 145, Loss= 0.551445, Training Accuracy= 1.00000
Optimization Finished!
Iter 146, Loss= 0.551445, Training Accuracy= 1.00000
Optimization Finished!
Iter 147, Loss= 0.551445, Training Accuracy= 1.00000
Optimization Finished!
Iter 148, Loss= 0.551445, Training Accuracy= 1.00000
Optimization Finished!
Iter 149, Loss= 0.551445, Training Accuracy= 1.00000
Optimization Finished!
Iter 150, Loss= 0.551445, Training Accuracy= 1.00000
Optimization Finished!
Iter 151, Loss= 0.551445, Training Accuracy= 1.00000
Optimization Finished!
Iter 152, Loss= 0.551445, Training Accuracy= 1.00000
Optimization Finished!
Iter 153, Loss= 0.551445, Training Accuracy= 1.00000
Optimization Finished!
Iter 154, Loss= 0.551445, Training Accuracy= 1.00000
Optimization Finished!
Iter 155, Loss= 0.551445, Training Accuracy= 1.00000
Optimization Finished!
Iter 156, Loss= 0.551445, Training Accuracy= 1.00000
Optimization Finished!
Iter 157, Loss= 0.551445, Training Accuracy= 1.00000
Optimization Finished!
Iter 158, Loss= 0.551445, Training Accuracy= 1.00000
Optimization Finished!
Iter 159, Loss= 0.551445, Training Accuracy= 1.00000
Optimization Finished!
Iter 160, Loss= 0.551445, Training Accuracy= 1.00000
Optimization Finished!
Iter 161, Loss= 0.551445, Training Accuracy= 1.00000
Optimization Finished!
Iter 162, Loss= 0.551445, Training Accuracy= 1.00000
Optimization Finished!
Iter 163, Loss= 0.551445, Training Accuracy= 1.00000
Optimization Finished!
Iter 164, Loss= 0.551445, Training Accuracy= 1.00000
Optimization Finished!
Iter 165, Loss= 0.551445, Training Accuracy= 1.00000
Optimization Finished!
Iter 166, Loss= 0.551445, Training Accuracy= 1.00000
Optimization Finished!
Iter 167, Loss= 0.551445, Training Accuracy= 1.00000
Optimization Finished!
Iter 168, Loss= 0.551445, Training Accuracy= 1.00000
Optimization Finished!
Iter 169, Loss= 0.551445, Training Accuracy= 1.00000
Optimization Finished!
Iter 170, Loss= 0.551445, Training Accuracy= 1.00000
Optimization Finished!
Iter 171, Loss= 0.551445, Training Accuracy= 1.00000
Optimization Finished!
Iter 172, Loss= 0.551445, Training Accuracy= 1.00000
Optimization Finished!
Iter 173, Loss= 0.551445, Training Accuracy= 1.00000
Optimization Finished!
Iter 174, Loss= 0.551445, Training Accuracy= 1.00000
Optimization Finished!
Iter 175, Loss= 0.551445, Training Accuracy= 1.00000
Optimization Finished!
Iter 176, Loss= 0.551445, Training Accuracy= 1.00000
Optimization Finished!
Iter 177, Loss= 0.551445, Training Accuracy= 1.00000
Optimization Finished!
Iter 178, Loss= 0.551445, Training Accuracy= 1.00000
Optimization Finished!
Iter 179, Loss= 0.551445, Training Accuracy= 1.00000
Optimization Finished!
Iter 180, Loss= 0.551445, Training Accuracy= 1.00000
Optimization Finished!
Iter 181, Loss= 0.551445, Training Accuracy= 1.00000
Optimization Finished!
Iter 182, Loss= 0.551445, Training Accuracy= 1.00000
Optimization Finished!
Iter 183, Loss= 0.551445, Training Accuracy= 1.00000
Optimization Finished!
Iter 184, Loss= 0.551445, Training Accuracy= 1.00000
Optimization Finished!
Iter 185, Loss= 0.551445, Training Accuracy= 1.00000
Optimization Finished!
Iter 186, Loss= 0.551445, Training Accuracy= 1.00000
Optimization Finished!
Iter 187, Loss= 0.551445, Training Accuracy= 1.00000
Optimization Finished!
Iter 188, Loss= 0.551445, Training Accuracy= 1.00000
Optimization Finished!
Iter 189, Loss= 0.551445, Training Accuracy= 1.00000
Optimization Finished!
Iter 190, Loss= 0.551445, Training Accuracy= 1.00000
Optimization Finished!
Iter 191, Loss= 0.551445, Training Accuracy= 1.00000
Optimization Finished!
Iter 192, Loss= 0.551445, Training Accuracy= 1.00000
Optimization Finished!
Iter 193, Loss= 0.551445, Training Accuracy= 1.00000
Optimization Finished!
Iter 194, Loss= 0.551445, Training Accuracy= 1.00000
Optimization Finished!
Iter 195, Loss= 0.551445, Training Accuracy= 1.00000
Optimization Finished!
Iter 196, Loss= 0.551445, Training Accuracy= 1.00000
Optimization Finished!
Iter 197, Loss= 0.551445, Training Accuracy= 1.00000
Optimization Finished!
Iter 198, Loss= 0.551445, Training Accuracy= 1.00000
Optimization Finished!
Iter 199, Loss= 0.551445, Training Accuracy= 1.00000
Optimization Finished!
